<?xml version="1.0" encoding="UTF-8"?>
<!-- Generated by org.testng.reporters.JUnitReportReporter -->
<testsuite hostname="DESKTOP-DJ4FDME" failures="0" tests="2" name="org.xyz.automation.test.FirstAutomation" time="3.843" errors="0" timestamp="2024-08-10T06:49:08 IST" skipped="1">
  <testcase classname="org.xyz.automation.test.FirstAutomation" name="signupfunc" time="3.843"/>
  <testcase classname="org.xyz.automation.test.FirstAutomation" name="loginfunc">
    <skipped/>
  </testcase> <!-- loginfunc -->
</testsuite> <!-- org.xyz.automation.test.FirstAutomation -->
