<?xml version="1.0" encoding="UTF-8"?>
<!-- Generated by org.testng.reporters.JUnitReportReporter -->
<testsuite hostname="DESKTOP-DJ4FDME" failures="0" tests="6" name="testNGdemo.TestScenario12" time="0.004" errors="0" timestamp="2024-08-02T07:04:46 IST" skipped="0">
  <testcase classname="testNGdemo.TestScenario12" name="fifth_testcase" time="0.001"/>
  <testcase classname="testNGdemo.TestScenario12" name="second_testcase" time="0.000"/>
  <testcase classname="testNGdemo.TestScenario12" name="forth_testcase" time="0.001"/>
  <testcase classname="testNGdemo.TestScenario12" name="sixth_testcase" time="0.000"/>
  <testcase classname="testNGdemo.TestScenario12" name="third_testcase" time="0.000"/>
  <testcase classname="testNGdemo.TestScenario12" name="first_testcase" time="0.002"/>
</testsuite> <!-- testNGdemo.TestScenario12 -->
