<?xml version="1.0" encoding="UTF-8"?>
<!-- Generated by org.testng.reporters.JUnitReportReporter -->
<testsuite hostname="DESKTOP-DJ4FDME" failures="0" tests="1" name="org.wipro.aumw.auto.testcases.LoginScenarios" time="9.380" errors="0" timestamp="2024-08-15T07:29:56 IST" skipped="0">
  <testcase classname="org.wipro.aumw.auto.testcases.LoginScenarios" name="tc01_validloginfunctionality" time="9.380"/>
</testsuite> <!-- org.wipro.aumw.auto.testcases.LoginScenarios -->
