<?xml version="1.0" encoding="UTF-8"?>
<!-- Generated by org.testng.reporters.JUnitReportReporter -->
<testsuite hostname="DESKTOP-DJ4FDME" failures="0" tests="1" name="org.xyz.automation.test.BrowserControl" time="21.241" errors="0" timestamp="2024-08-07T06:56:41 IST" skipped="0">
  <testcase classname="org.xyz.automation.test.BrowserControl" name="browsercon" time="21.241"/>
</testsuite> <!-- org.xyz.automation.test.BrowserControl -->
