<?xml version="1.0" encoding="UTF-8"?>
<!-- Generated by org.testng.reporters.JUnitReportReporter -->
<testsuite hostname="DESKTOP-DJ4FDME" failures="0" tests="6" name="testNGdemo.TestScenario3" time="0.020" errors="0" timestamp="2024-08-02T07:04:46 IST" skipped="0">
  <testcase classname="testNGdemo.TestScenario3" name="fifth_testcase" time="0.012"/>
  <testcase classname="testNGdemo.TestScenario3" name="forth_testcase" time="0.003"/>
  <testcase classname="testNGdemo.TestScenario3" name="sixth_testcase" time="0.000"/>
  <testcase classname="testNGdemo.TestScenario3" name="second_testcase" time="0.001"/>
  <testcase classname="testNGdemo.TestScenario3" name="third_testcase" time="0.002"/>
  <testcase classname="testNGdemo.TestScenario3" name="first_testcase" time="0.002"/>
</testsuite> <!-- testNGdemo.TestScenario3 -->
