<?xml version="1.0" encoding="UTF-8"?>
<!-- Generated by org.testng.reporters.JUnitReportReporter -->
<testsuite hostname="DESKTOP-DJ4FDME" failures="0" tests="3" name="org.xyz.automation.test.DifferentControl" time="7.866" errors="0" timestamp="2024-08-10T07:05:10 IST" skipped="2">
  <testcase classname="org.xyz.automation.test.DifferentControl" name="browsercon" time="7.866"/>
  <testcase classname="org.xyz.automation.test.DifferentControl" name="tc2">
    <skipped/>
  </testcase> <!-- tc2 -->
  <testcase classname="org.xyz.automation.test.DifferentControl" name="amazonsite">
    <skipped/>
  </testcase> <!-- amazonsite -->
</testsuite> <!-- org.xyz.automation.test.DifferentControl -->
