<?xml version="1.0" encoding="UTF-8"?>
<!-- Generated by org.testng.reporters.JUnitReportReporter -->
<testsuite hostname="DESKTOP-DJ4FDME" failures="0" tests="1" name="org.wipro.aumw.auto.testcases.SignupScenarios" time="6.173" errors="0" timestamp="2024-08-16T07:28:25 IST" skipped="0">
  <testcase classname="org.wipro.aumw.auto.testcases.SignupScenarios" name="tc02_validsignupfunctionality" time="6.173"/>
</testsuite> <!-- org.wipro.aumw.auto.testcases.SignupScenarios -->
