<?xml version="1.0" encoding="UTF-8"?>
<!-- Generated by org.testng.reporters.JUnitReportReporter -->
<testsuite hostname="DESKTOP-DJ4FDME" failures="0" tests="4" name="org.xyz.automation.test.HandleKeyboardMouse" time="15.833" errors="0" timestamp="2024-08-14T07:04:34 IST" skipped="2">
  <testcase classname="org.xyz.automation.test.HandleKeyboardMouse" name="handleAlerts" time="6.041"/>
  <testcase classname="org.xyz.automation.test.HandleKeyboardMouse" name="handleFrames" time="9.792"/>
  <testcase classname="org.xyz.automation.test.HandleKeyboardMouse" name="handleMouse">
    <skipped/>
  </testcase> <!-- handleMouse -->
  <testcase classname="org.xyz.automation.test.HandleKeyboardMouse" name="handleKeyboards">
    <skipped/>
  </testcase> <!-- handleKeyboards -->
</testsuite> <!-- org.xyz.automation.test.HandleKeyboardMouse -->
