<?xml version="1.0" encoding="UTF-8"?>
<!-- Generated by org.testng.reporters.JUnitReportReporter -->
<testsuite hostname="DESKTOP-DJ4FDME" failures="0" tests="3" name="org.wipro.aumw.auto.testcases.LoginScenarios" time="16.870" errors="0" timestamp="2024-08-16T07:06:07 IST" skipped="0">
  <testcase classname="org.wipro.aumw.auto.testcases.LoginScenarios" name="tc01_validloginfunctionality" time="7.229"/>
  <testcase classname="org.wipro.aumw.auto.testcases.LoginScenarios" name="tc01_validloginfunctionality" time="4.921"/>
  <testcase classname="org.wipro.aumw.auto.testcases.LoginScenarios" name="tc01_validloginfunctionality" time="4.720"/>
</testsuite> <!-- org.wipro.aumw.auto.testcases.LoginScenarios -->
