<?xml version="1.0" encoding="UTF-8"?>
<!-- Generated by org.testng.reporters.JUnitReportReporter -->
<testsuite hostname="DESKTOP-DJ4FDME" failures="0" tests="1" name="org.xyz.automation.test.FetchDataRunTime" time="5.620" errors="0" timestamp="2024-08-08T07:29:36 IST" skipped="0">
  <testcase classname="org.xyz.automation.test.FetchDataRunTime" name="tc001_login_cursor_username" time="5.620"/>
</testsuite> <!-- org.xyz.automation.test.FetchDataRunTime -->
